<?xml version="1.0" encoding="UTF-8"?>
<testng-results ignored="0" total="3" passed="3" failed="0" skipped="0">
  <reporter-output>
  </reporter-output>
  <suite started-at="2025-03-25T20:08:54 IST" name="ExcelDataProviderSuite" finished-at="2025-03-25T20:10:01 IST" duration-ms="67505">
    <groups>
    </groups>
    <test started-at="2025-03-25T20:08:54 IST" name="BingSearchTest" finished-at="2025-03-25T20:10:01 IST" duration-ms="67505">
      <class name="Excelexample.Dataproviderclass">
        <test-method is-config="true" signature="setup()[pri:0, instance:Excelexample.Dataproviderclass@32eff876]" started-at="2025-03-25T20:08:57 IST" name="setup" finished-at="2025-03-25T20:09:44 IST" duration-ms="47091" status="PASS">
          <reporter-output>
          </reporter-output>
        </test-method> <!-- setup -->
        <test-method is-config="true" signature="setup()[pri:0, instance:Excelexample.Dataproviderclass@32eff876]" started-at="2025-03-25T20:08:57 IST" name="setup" finished-at="2025-03-25T20:09:38 IST" duration-ms="41438" status="PASS">
          <reporter-output>
          </reporter-output>
        </test-method> <!-- setup -->
        <test-method is-config="true" signature="setup()[pri:0, instance:Excelexample.Dataproviderclass@32eff876]" started-at="2025-03-25T20:08:57 IST" name="setup" finished-at="2025-03-25T20:09:36 IST" duration-ms="39384" status="PASS">
          <reporter-output>
          </reporter-output>
        </test-method> <!-- setup -->
        <test-method signature="search(java.lang.String)[pri:0, instance:Excelexample.Dataproviderclass@32eff876]" started-at="2025-03-25T20:09:36 IST" name="search" data-provider="exceldata" finished-at="2025-03-25T20:09:45 IST" duration-ms="9099" status="PASS">
          <params>
            <param index="0">
              <value>
                <![CDATA[java]]>
              </value>
            </param>
          </params>
          <reporter-output>
          </reporter-output>
        </test-method> <!-- search -->
        <test-method signature="search(java.lang.String)[pri:0, instance:Excelexample.Dataproviderclass@32eff876]" started-at="2025-03-25T20:09:38 IST" name="search" data-provider="exceldata" finished-at="2025-03-25T20:09:53 IST" duration-ms="15279" status="PASS">
          <params>
            <param index="0">
              <value>
                <![CDATA[python]]>
              </value>
            </param>
          </params>
          <reporter-output>
          </reporter-output>
        </test-method> <!-- search -->
        <test-method signature="search(java.lang.String)[pri:0, instance:Excelexample.Dataproviderclass@32eff876]" started-at="2025-03-25T20:09:44 IST" name="search" data-provider="exceldata" finished-at="2025-03-25T20:09:56 IST" duration-ms="12590" status="PASS">
          <params>
            <param index="0">
              <value>
                <![CDATA[testng]]>
              </value>
            </param>
          </params>
          <reporter-output>
          </reporter-output>
        </test-method> <!-- search -->
        <test-method is-config="true" signature="teardown()[pri:0, instance:Excelexample.Dataproviderclass@32eff876]" started-at="2025-03-25T20:09:45 IST" name="teardown" finished-at="2025-03-25T20:10:00 IST" duration-ms="14926" status="PASS">
          <reporter-output>
          </reporter-output>
        </test-method> <!-- teardown -->
        <test-method is-config="true" signature="teardown()[pri:0, instance:Excelexample.Dataproviderclass@32eff876]" started-at="2025-03-25T20:09:53 IST" name="teardown" finished-at="2025-03-25T20:10:00 IST" duration-ms="6553" status="PASS">
          <reporter-output>
          </reporter-output>
        </test-method> <!-- teardown -->
        <test-method is-config="true" signature="teardown()[pri:0, instance:Excelexample.Dataproviderclass@32eff876]" started-at="2025-03-25T20:09:56 IST" name="teardown" finished-at="2025-03-25T20:10:01 IST" duration-ms="4922" status="PASS">
          <reporter-output>
          </reporter-output>
        </test-method> <!-- teardown -->
      </class> <!-- Excelexample.Dataproviderclass -->
    </test> <!-- BingSearchTest -->
  </suite> <!-- ExcelDataProviderSuite -->
</testng-results>
