<?xml version="1.0" encoding="UTF-8"?>
<testng-results ignored="0" total="3" passed="3" failed="0" skipped="0">
  <reporter-output>
  </reporter-output>
  <suite started-at="2025-03-25T19:44:32 IST" name="ExcelDataProviderSuite" finished-at="2025-03-25T19:46:05 IST" duration-ms="93310">
    <groups>
    </groups>
    <test started-at="2025-03-25T19:44:32 IST" name="BingSearchTest" finished-at="2025-03-25T19:46:05 IST" duration-ms="93310">
      <class name="Excelexample.Dataproviderclass">
        <test-method is-config="true" signature="setup()[pri:0, instance:Excelexample.Dataproviderclass@71809907]" started-at="2025-03-25T19:44:34 IST" name="setup" finished-at="2025-03-25T19:45:24 IST" duration-ms="49508" status="PASS">
          <reporter-output>
          </reporter-output>
        </test-method> <!-- setup -->
        <test-method is-config="true" signature="setup()[pri:0, instance:Excelexample.Dataproviderclass@71809907]" started-at="2025-03-25T19:44:34 IST" name="setup" finished-at="2025-03-25T19:45:27 IST" duration-ms="52338" status="PASS">
          <reporter-output>
          </reporter-output>
        </test-method> <!-- setup -->
        <test-method is-config="true" signature="setup()[pri:0, instance:Excelexample.Dataproviderclass@71809907]" started-at="2025-03-25T19:44:34 IST" name="setup" finished-at="2025-03-25T19:45:31 IST" duration-ms="56101" status="PASS">
          <reporter-output>
          </reporter-output>
        </test-method> <!-- setup -->
        <test-method signature="search(java.lang.String)[pri:0, instance:Excelexample.Dataproviderclass@71809907]" started-at="2025-03-25T19:45:24 IST" name="search" data-provider="exceldata" finished-at="2025-03-25T19:45:35 IST" duration-ms="10759" status="PASS">
          <params>
            <param index="0">
              <value>
                <![CDATA[testng]]>
              </value>
            </param>
          </params>
          <reporter-output>
          </reporter-output>
        </test-method> <!-- search -->
        <test-method signature="search(java.lang.String)[pri:0, instance:Excelexample.Dataproviderclass@71809907]" started-at="2025-03-25T19:45:27 IST" name="search" data-provider="exceldata" finished-at="2025-03-25T19:45:59 IST" duration-ms="32450" status="PASS">
          <params>
            <param index="0">
              <value>
                <![CDATA[java]]>
              </value>
            </param>
          </params>
          <reporter-output>
          </reporter-output>
        </test-method> <!-- search -->
        <test-method signature="search(java.lang.String)[pri:0, instance:Excelexample.Dataproviderclass@71809907]" started-at="2025-03-25T19:45:31 IST" name="search" data-provider="exceldata" finished-at="2025-03-25T19:46:02 IST" duration-ms="31624" status="PASS">
          <params>
            <param index="0">
              <value>
                <![CDATA[python]]>
              </value>
            </param>
          </params>
          <reporter-output>
          </reporter-output>
        </test-method> <!-- search -->
        <test-method is-config="true" signature="teardown()[pri:0, instance:Excelexample.Dataproviderclass@71809907]" started-at="2025-03-25T19:45:35 IST" name="teardown" finished-at="2025-03-25T19:46:05 IST" duration-ms="30032" status="PASS">
          <reporter-output>
          </reporter-output>
        </test-method> <!-- teardown -->
        <test-method is-config="true" signature="teardown()[pri:0, instance:Excelexample.Dataproviderclass@71809907]" started-at="2025-03-25T19:45:59 IST" name="teardown" finished-at="2025-03-25T19:46:05 IST" duration-ms="5624" status="PASS">
          <reporter-output>
          </reporter-output>
        </test-method> <!-- teardown -->
        <test-method is-config="true" signature="teardown()[pri:0, instance:Excelexample.Dataproviderclass@71809907]" started-at="2025-03-25T19:46:02 IST" name="teardown" finished-at="2025-03-25T19:46:05 IST" duration-ms="2463" status="PASS">
          <reporter-output>
          </reporter-output>
        </test-method> <!-- teardown -->
      </class> <!-- Excelexample.Dataproviderclass -->
    </test> <!-- BingSearchTest -->
  </suite> <!-- ExcelDataProviderSuite -->
</testng-results>
