<?xml version="1.0" encoding="UTF-8"?>
<!-- Generated by org.testng.reporters.JUnitXMLReporter -->
<testsuite ignored="0" hostname="DESKTOP-7IL8GUR" failures="0" tests="3" name="BingSearchTest" time="67.505" errors="0" timestamp="2025-03-25T20:10:01 IST">
  <testcase classname="Excelexample.Dataproviderclass" name="search" time="9.099"/>
  <testcase classname="Excelexample.Dataproviderclass" name="search" time="15.279"/>
  <testcase classname="Excelexample.Dataproviderclass" name="search" time="12.59"/>
</testsuite> <!-- BingSearchTest -->
