<?xml version="1.0" encoding="UTF-8"?>
<!-- Generated by org.testng.reporters.JUnitXMLReporter -->
<testsuite ignored="0" hostname="DESKTOP-7IL8GUR" failures="0" tests="3" name="BingSearchTest" time="93.31" errors="0" timestamp="2025-03-25T19:46:05 IST">
  <testcase classname="Excelexample.Dataproviderclass" name="search" time="10.759"/>
  <testcase classname="Excelexample.Dataproviderclass" name="search" time="32.45"/>
  <testcase classname="Excelexample.Dataproviderclass" name="search" time="31.624"/>
</testsuite> <!-- BingSearchTest -->
