<?xml version="1.0" encoding="UTF-8"?>
<!-- Generated by org.testng.reporters.JUnitXMLReporter -->
<testsuite ignored="0" hostname="DESKTOP-7IL8GUR" failures="0" tests="3" name="Test" time="71.544" errors="0" timestamp="2025-03-25T13:30:03 IST">
  <testcase classname="Dataproviderpackage.Datapro" name="search" time="30.6"/>
  <testcase classname="Dataproviderpackage.Datapro" name="search" time="33.5"/>
  <testcase classname="Dataproviderpackage.Datapro" name="search" time="34.946"/>
</testsuite> <!-- Test -->
