<?xml version="1.0" encoding="UTF-8"?>
<!-- Generated by org.testng.reporters.JUnitXMLReporter -->
<testsuite ignored="0" hostname="DESKTOP-7IL8GUR" failures="1" tests="1" name="test2" time="4.196" errors="0" timestamp="2025-03-25T16:01:13 IST">
  <testcase classname="Excelexample.Dataproviderclass" name="search" time="3.999">
    <failure type="org.testng.internal.reflect.MethodMatcherException" message="
[public void Excelexample.Dataproviderclass.search(java.lang.String)] has no parameters defined but was found to be using a data provider (either explicitly specified or inherited from class level annotation).
Data provider mismatch
Method: search([java.lang.String arg0])
Arguments: [(java.lang.String) testng,(java.lang.String) framework]">
      <![CDATA[org.testng.internal.reflect.MethodMatcherException: 
[public void Excelexample.Dataproviderclass.search(java.lang.String)] has no parameters defined but was found to be using a data provider (either explicitly specified or inherited from class level annotation).
Data provider mismatch
Method: search([java.lang.String arg0])
Arguments: [(java.lang.String) testng,(java.lang.String) framework]
at java.base/java.util.concurrent.Executors$RunnableAdapter.call(Executors.java:572)
at java.base/java.util.concurrent.FutureTask.run(FutureTask.java:317)
at java.base/java.util.concurrent.ThreadPoolExecutor.runWorker(ThreadPoolExecutor.java:1144)
at java.base/java.util.concurrent.ThreadPoolExecutor$Worker.run(ThreadPoolExecutor.java:642)
at java.base/java.lang.Thread.run(Thread.java:1583)
... Removed 8 stack frames]]>
    </failure>
  </testcase> <!-- search -->
</testsuite> <!-- test2 -->
